<?xml version="1.0" encoding="utf-8"?><testsuites><testsuite name="pytest" errors="0" failures="0" skipped="0" tests="4" time="2.874" timestamp="2021-03-27T13:44:49.106601" hostname="tester-m"><testcase classname="test.test_formater.TestFormater" name="test_plain_uppercase" time="0.002" /><testcase classname="test.test_views.FlaskrTestCase" name="test_msg_with_output_json" time="0.008" /><testcase classname="test.test_views.FlaskrTestCase" name="test_msg_with_output_xml" time="0.001" /><testcase classname="test.test_views.FlaskrTestCase" name="test_outputs" time="0.001" /></testsuite></testsuites>